<?xml version="1.0" encoding="UTF-8"?>
<beans xmlns:xsi="http://www.w3.org/2001/XMLSchema-instance"
       xmlns:context="http://www.springframework.org/schema/context"
       xmlns:cassandra="http://www.springframework.org/schema/data/cassandra"
       xmlns="http://www.springframework.org/schema/beans"
       xmlns:jpa="http://www.springframework.org/schema/data/jpa"
       xsi:schemaLocation="http://www.springframework.org/schema/data/jpa http://www.springframework.org/schema/data/jpa/spring-jpa.xsd
    http://www.springframework.org/schema/context http://www.springframework.org/schema/context/spring-context.xsd
     http://www.springframework.org/schema/beans http://www.springframework.org/schema/beans/spring-beans.xsd
     http://www.springframework.org/schema/data/cassandra http://www.springframework.org/schema/data/cassandra/spring-cassandra.xsd">


    <context:component-scan base-package="cassandra.tests"/>

    <cassandra:cluster contact-points="localhost" port="9042"/>
    <cassandra:converter/>
    <cassandra:session keyspace-name="monitordb"/>
    <cassandra:template id="cqlTemplate"/>

    <cassandra:repositories base-package="cassandra.tests.repositories"/>
    <cassandra:mapping entity-base-packages="cassandra.tests.domain"/>

</beans>

